#-----------------------------------------------------------
# Vivado v2018.2 (64-bit)
# SW Build 2258646 on Thu Jun 14 20:02:38 MDT 2018
# IP Build 2256618 on Thu Jun 14 22:10:49 MDT 2018
# Start of session at: Wed Apr  6 14:56:36 2022
# Process ID: 46945
# Current directory: /nfs/home/m/m_dav9/COEN313/Lab_4
# Command line: vivado -log lab4new.log -mode batch -source lab4script.tcl
# Log file: /nfs/home/m/m_dav9/COEN313/Lab_4/lab4new.log
# Journal file: /nfs/home/m/m_dav9/COEN313/Lab_4/vivado.jou
#-----------------------------------------------------------
source lab4script.tcl
# read_vhdl { /home/m/m_dav9/COEN313/Lab_4/lab4new.vhd }
# read_xdc lab4new.xdc
# synth_design -top registers_min_max  -part xc7a100tcsg324-1
Command: synth_design -top registers_min_max -part xc7a100tcsg324-1
Starting synth_design
Attempting to get a license for feature 'Synthesis' and/or device 'xc7a100t'
INFO: [Common 17-349] Got license for feature 'Synthesis' and/or device 'xc7a100t'
INFO: Launching helper process for spawning children vivado processes
INFO: Helper process launched with PID 46969 
---------------------------------------------------------------------------------
Starting RTL Elaboration : Time (s): cpu = 00:00:02 ; elapsed = 00:00:05 . Memory (MB): peak = 1467.590 ; gain = 86.727 ; free physical = 109082 ; free virtual = 156300
---------------------------------------------------------------------------------
INFO: [Synth 8-638] synthesizing module 'registers_min_max' [/home/m/m_dav9/COEN313/Lab_4/lab4new.vhd:19]
INFO: [Synth 8-226] default block is never used [/home/m/m_dav9/COEN313/Lab_4/lab4new.vhd:106]
WARNING: [Synth 8-614] signal 'current_max' is read in the process but is not in the sensitivity list [/home/m/m_dav9/COEN313/Lab_4/lab4new.vhd:56]
WARNING: [Synth 8-614] signal 'current_min' is read in the process but is not in the sensitivity list [/home/m/m_dav9/COEN313/Lab_4/lab4new.vhd:56]
WARNING: [Synth 8-614] signal 'sel' is read in the process but is not in the sensitivity list [/home/m/m_dav9/COEN313/Lab_4/lab4new.vhd:56]
WARNING: [Synth 8-614] signal 'max_reg' is read in the process but is not in the sensitivity list [/home/m/m_dav9/COEN313/Lab_4/lab4new.vhd:123]
WARNING: [Synth 8-614] signal 'min_reg' is read in the process but is not in the sensitivity list [/home/m/m_dav9/COEN313/Lab_4/lab4new.vhd:123]
WARNING: [Synth 8-614] signal 'current_max' is read in the process but is not in the sensitivity list [/home/m/m_dav9/COEN313/Lab_4/lab4new.vhd:154]
WARNING: [Synth 8-614] signal 'max_reg' is read in the process but is not in the sensitivity list [/home/m/m_dav9/COEN313/Lab_4/lab4new.vhd:154]
WARNING: [Synth 8-614] signal 'current_min' is read in the process but is not in the sensitivity list [/home/m/m_dav9/COEN313/Lab_4/lab4new.vhd:154]
WARNING: [Synth 8-614] signal 'min_reg' is read in the process but is not in the sensitivity list [/home/m/m_dav9/COEN313/Lab_4/lab4new.vhd:154]
INFO: [Synth 8-256] done synthesizing module 'registers_min_max' (1#1) [/home/m/m_dav9/COEN313/Lab_4/lab4new.vhd:19]
---------------------------------------------------------------------------------
Finished RTL Elaboration : Time (s): cpu = 00:00:03 ; elapsed = 00:00:07 . Memory (MB): peak = 1511.230 ; gain = 130.367 ; free physical = 109094 ; free virtual = 156312
---------------------------------------------------------------------------------

Report Check Netlist: 
+------+------------------+-------+---------+-------+------------------+
|      |Item              |Errors |Warnings |Status |Description       |
+------+------------------+-------+---------+-------+------------------+
|1     |multi_driven_nets |      0|        0|Passed |Multi driven nets |
+------+------------------+-------+---------+-------+------------------+
---------------------------------------------------------------------------------
Start Handling Custom Attributes
---------------------------------------------------------------------------------
---------------------------------------------------------------------------------
Finished Handling Custom Attributes : Time (s): cpu = 00:00:03 ; elapsed = 00:00:08 . Memory (MB): peak = 1511.230 ; gain = 130.367 ; free physical = 109094 ; free virtual = 156311
---------------------------------------------------------------------------------
---------------------------------------------------------------------------------
Finished RTL Optimization Phase 1 : Time (s): cpu = 00:00:03 ; elapsed = 00:00:08 . Memory (MB): peak = 1511.230 ; gain = 130.367 ; free physical = 109094 ; free virtual = 156311
---------------------------------------------------------------------------------
INFO: [Device 21-403] Loading part xc7a100tcsg324-1
INFO: [Project 1-570] Preparing netlist for logic optimization

Processing XDC Constraints
Initializing timing engine
Parsing XDC File [/nfs/home/m/m_dav9/COEN313/Lab_4/lab4new.xdc]
Finished Parsing XDC File [/nfs/home/m/m_dav9/COEN313/Lab_4/lab4new.xdc]
INFO: [Project 1-236] Implementation specific constraints were found while reading constraint file [/nfs/home/m/m_dav9/COEN313/Lab_4/lab4new.xdc]. These constraints will be ignored for synthesis but will be used in implementation. Impacted constraints are listed in the file [.Xil/registers_min_max_propImpl.xdc].
Resolution: To avoid this warning, move constraints listed in [.Xil/registers_min_max_propImpl.xdc] to another XDC file and exclude this new file from synthesis with the used_in_synthesis property (File Properties dialog in GUI) and re-run elaboration/synthesis.
Completed Processing XDC Constraints

INFO: [Project 1-111] Unisim Transformation Summary:
No Unisim elements were transformed.

Constraint Validation Runtime : Time (s): cpu = 00:00:00 ; elapsed = 00:00:00 . Memory (MB): peak = 1870.156 ; gain = 0.000 ; free physical = 108834 ; free virtual = 156052
---------------------------------------------------------------------------------
Finished Constraint Validation : Time (s): cpu = 00:00:18 ; elapsed = 00:01:24 . Memory (MB): peak = 1870.156 ; gain = 489.293 ; free physical = 108911 ; free virtual = 156129
---------------------------------------------------------------------------------
---------------------------------------------------------------------------------
Start Loading Part and Timing Information
---------------------------------------------------------------------------------
Loading part: xc7a100tcsg324-1
---------------------------------------------------------------------------------
Finished Loading Part and Timing Information : Time (s): cpu = 00:00:18 ; elapsed = 00:01:24 . Memory (MB): peak = 1870.156 ; gain = 489.293 ; free physical = 108911 ; free virtual = 156129
---------------------------------------------------------------------------------
---------------------------------------------------------------------------------
Start Applying 'set_property' XDC Constraints
---------------------------------------------------------------------------------
---------------------------------------------------------------------------------
Finished applying 'set_property' XDC Constraints : Time (s): cpu = 00:00:18 ; elapsed = 00:01:24 . Memory (MB): peak = 1870.156 ; gain = 489.293 ; free physical = 108913 ; free virtual = 156130
---------------------------------------------------------------------------------
WARNING: [Synth 8-327] inferring latch for variable 'current_max_reg' [/home/m/m_dav9/COEN313/Lab_4/lab4new.vhd:70]
WARNING: [Synth 8-327] inferring latch for variable 'max_reg_reg' [/home/m/m_dav9/COEN313/Lab_4/lab4new.vhd:131]
WARNING: [Synth 8-327] inferring latch for variable 'min_reg_reg' [/home/m/m_dav9/COEN313/Lab_4/lab4new.vhd:144]
WARNING: [Synth 8-327] inferring latch for variable 'current_min_reg' [/home/m/m_dav9/COEN313/Lab_4/lab4new.vhd:90]
---------------------------------------------------------------------------------
Finished RTL Optimization Phase 2 : Time (s): cpu = 00:00:18 ; elapsed = 00:01:25 . Memory (MB): peak = 1870.156 ; gain = 489.293 ; free physical = 108904 ; free virtual = 156122
---------------------------------------------------------------------------------

Report RTL Partitions: 
+-+--------------+------------+----------+
| |RTL Partition |Replication |Instances |
+-+--------------+------------+----------+
+-+--------------+------------+----------+
---------------------------------------------------------------------------------
Start RTL Component Statistics 
---------------------------------------------------------------------------------
Detailed RTL Component Info : 
+---Registers : 
	                4 Bit    Registers := 4     
+---Muxes : 
	   2 Input      4 Bit        Muxes := 8     
	   4 Input      4 Bit        Muxes := 1     
	   2 Input      1 Bit        Muxes := 6     
---------------------------------------------------------------------------------
Finished RTL Component Statistics 
---------------------------------------------------------------------------------
---------------------------------------------------------------------------------
Start RTL Hierarchical Component Statistics 
---------------------------------------------------------------------------------
Hierarchical RTL Component report 
Module registers_min_max 
Detailed RTL Component Info : 
+---Registers : 
	                4 Bit    Registers := 4     
+---Muxes : 
	   2 Input      4 Bit        Muxes := 8     
	   4 Input      4 Bit        Muxes := 1     
	   2 Input      1 Bit        Muxes := 6     
---------------------------------------------------------------------------------
Finished RTL Hierarchical Component Statistics
---------------------------------------------------------------------------------
---------------------------------------------------------------------------------
Start Part Resource Summary
---------------------------------------------------------------------------------
Part Resources:
DSPs: 240 (col length:80)
BRAMs: 270 (col length: RAMB18 80 RAMB36 40)
---------------------------------------------------------------------------------
Finished Part Resource Summary
---------------------------------------------------------------------------------
---------------------------------------------------------------------------------
Start Cross Boundary and Area Optimization
---------------------------------------------------------------------------------
Warning: Parallel synthesis criteria is not met 
---------------------------------------------------------------------------------
Finished Cross Boundary and Area Optimization : Time (s): cpu = 00:00:19 ; elapsed = 00:01:26 . Memory (MB): peak = 1870.156 ; gain = 489.293 ; free physical = 108881 ; free virtual = 156100
---------------------------------------------------------------------------------

Report RTL Partitions: 
+-+--------------+------------+----------+
| |RTL Partition |Replication |Instances |
+-+--------------+------------+----------+
+-+--------------+------------+----------+
---------------------------------------------------------------------------------
Start Applying XDC Timing Constraints
---------------------------------------------------------------------------------
---------------------------------------------------------------------------------
Finished Applying XDC Timing Constraints : Time (s): cpu = 00:00:27 ; elapsed = 00:01:48 . Memory (MB): peak = 1870.156 ; gain = 489.293 ; free physical = 108759 ; free virtual = 155978
---------------------------------------------------------------------------------
---------------------------------------------------------------------------------
Start Timing Optimization
---------------------------------------------------------------------------------
---------------------------------------------------------------------------------
Finished Timing Optimization : Time (s): cpu = 00:00:27 ; elapsed = 00:01:48 . Memory (MB): peak = 1870.156 ; gain = 489.293 ; free physical = 108759 ; free virtual = 155978
---------------------------------------------------------------------------------

Report RTL Partitions: 
+-+--------------+------------+----------+
| |RTL Partition |Replication |Instances |
+-+--------------+------------+----------+
+-+--------------+------------+----------+
---------------------------------------------------------------------------------
Start Technology Mapping
---------------------------------------------------------------------------------
---------------------------------------------------------------------------------
Finished Technology Mapping : Time (s): cpu = 00:00:27 ; elapsed = 00:01:48 . Memory (MB): peak = 1901.422 ; gain = 520.559 ; free physical = 108758 ; free virtual = 155977
---------------------------------------------------------------------------------

Report RTL Partitions: 
+-+--------------+------------+----------+
| |RTL Partition |Replication |Instances |
+-+--------------+------------+----------+
+-+--------------+------------+----------+
---------------------------------------------------------------------------------
Start IO Insertion
---------------------------------------------------------------------------------
---------------------------------------------------------------------------------
Start Flattening Before IO Insertion
---------------------------------------------------------------------------------
---------------------------------------------------------------------------------
Finished Flattening Before IO Insertion
---------------------------------------------------------------------------------
---------------------------------------------------------------------------------
Start Final Netlist Cleanup
---------------------------------------------------------------------------------
---------------------------------------------------------------------------------
Finished Final Netlist Cleanup
---------------------------------------------------------------------------------
---------------------------------------------------------------------------------
Finished IO Insertion : Time (s): cpu = 00:00:27 ; elapsed = 00:01:48 . Memory (MB): peak = 1901.426 ; gain = 520.562 ; free physical = 108758 ; free virtual = 155978
---------------------------------------------------------------------------------

Report Check Netlist: 
+------+------------------+-------+---------+-------+------------------+
|      |Item              |Errors |Warnings |Status |Description       |
+------+------------------+-------+---------+-------+------------------+
|1     |multi_driven_nets |      0|        0|Passed |Multi driven nets |
+------+------------------+-------+---------+-------+------------------+
---------------------------------------------------------------------------------
Start Renaming Generated Instances
---------------------------------------------------------------------------------
---------------------------------------------------------------------------------
Finished Renaming Generated Instances : Time (s): cpu = 00:00:27 ; elapsed = 00:01:48 . Memory (MB): peak = 1901.426 ; gain = 520.562 ; free physical = 108758 ; free virtual = 155978
---------------------------------------------------------------------------------

Report RTL Partitions: 
+-+--------------+------------+----------+
| |RTL Partition |Replication |Instances |
+-+--------------+------------+----------+
+-+--------------+------------+----------+
---------------------------------------------------------------------------------
Start Rebuilding User Hierarchy
---------------------------------------------------------------------------------
---------------------------------------------------------------------------------
Finished Rebuilding User Hierarchy : Time (s): cpu = 00:00:27 ; elapsed = 00:01:48 . Memory (MB): peak = 1901.426 ; gain = 520.562 ; free physical = 108758 ; free virtual = 155978
---------------------------------------------------------------------------------
---------------------------------------------------------------------------------
Start Renaming Generated Ports
---------------------------------------------------------------------------------
---------------------------------------------------------------------------------
Finished Renaming Generated Ports : Time (s): cpu = 00:00:27 ; elapsed = 00:01:48 . Memory (MB): peak = 1901.426 ; gain = 520.562 ; free physical = 108758 ; free virtual = 155978
---------------------------------------------------------------------------------
---------------------------------------------------------------------------------
Start Handling Custom Attributes
---------------------------------------------------------------------------------
---------------------------------------------------------------------------------
Finished Handling Custom Attributes : Time (s): cpu = 00:00:27 ; elapsed = 00:01:48 . Memory (MB): peak = 1901.426 ; gain = 520.562 ; free physical = 108758 ; free virtual = 155978
---------------------------------------------------------------------------------
---------------------------------------------------------------------------------
Start Renaming Generated Nets
---------------------------------------------------------------------------------
---------------------------------------------------------------------------------
Finished Renaming Generated Nets : Time (s): cpu = 00:00:27 ; elapsed = 00:01:48 . Memory (MB): peak = 1901.426 ; gain = 520.562 ; free physical = 108758 ; free virtual = 155978
---------------------------------------------------------------------------------
---------------------------------------------------------------------------------
Start Writing Synthesis Report
---------------------------------------------------------------------------------

Report BlackBoxes: 
+-+--------------+----------+
| |BlackBox name |Instances |
+-+--------------+----------+
+-+--------------+----------+

Report Cell Usage: 
+------+-----+------+
|      |Cell |Count |
+------+-----+------+
|1     |BUFG |     1|
|2     |LUT2 |     2|
|3     |LUT3 |     8|
|4     |LUT4 |     2|
|5     |LUT5 |    20|
|6     |LUT6 |    16|
|7     |FDCE |    12|
|8     |FDPE |     4|
|9     |LD   |    16|
|10    |IBUF |     8|
|11    |OBUF |    12|
+------+-----+------+

Report Instance Areas: 
+------+---------+-------+------+
|      |Instance |Module |Cells |
+------+---------+-------+------+
|1     |top      |       |   101|
+------+---------+-------+------+
---------------------------------------------------------------------------------
Finished Writing Synthesis Report : Time (s): cpu = 00:00:27 ; elapsed = 00:01:48 . Memory (MB): peak = 1901.426 ; gain = 520.562 ; free physical = 108758 ; free virtual = 155978
---------------------------------------------------------------------------------
Synthesis finished with 0 errors, 0 critical warnings and 4 warnings.
Synthesis Optimization Runtime : Time (s): cpu = 00:00:15 ; elapsed = 00:00:37 . Memory (MB): peak = 1901.426 ; gain = 161.637 ; free physical = 108813 ; free virtual = 156033
Synthesis Optimization Complete : Time (s): cpu = 00:00:27 ; elapsed = 00:01:48 . Memory (MB): peak = 1901.430 ; gain = 520.562 ; free physical = 108822 ; free virtual = 156042
INFO: [Project 1-571] Translating synthesized netlist
INFO: [Netlist 29-17] Analyzing 24 Unisim elements for replacement
INFO: [Netlist 29-28] Unisim Transformation completed in 0 CPU seconds
INFO: [Project 1-570] Preparing netlist for logic optimization
Parsing XDC File [/nfs/home/m/m_dav9/COEN313/Lab_4/lab4new.xdc]
Finished Parsing XDC File [/nfs/home/m/m_dav9/COEN313/Lab_4/lab4new.xdc]
INFO: [Opt 31-138] Pushed 0 inverter(s) to 0 load pin(s).
INFO: [Project 1-111] Unisim Transformation Summary:
  A total of 16 instances were transformed.
  LD => LDCE: 16 instances

INFO: [Common 17-83] Releasing license: Synthesis
15 Infos, 13 Warnings, 0 Critical Warnings and 0 Errors encountered.
synth_design completed successfully
synth_design: Time (s): cpu = 00:00:29 ; elapsed = 00:01:50 . Memory (MB): peak = 1933.441 ; gain = 565.305 ; free physical = 108809 ; free virtual = 156029
# opt_design
Command: opt_design
Attempting to get a license for feature 'Implementation' and/or device 'xc7a100t'
INFO: [Common 17-349] Got license for feature 'Implementation' and/or device 'xc7a100t'
Running DRC as a precondition to command opt_design

Starting DRC Task
INFO: [DRC 23-27] Running DRC with 8 threads
INFO: [Project 1-461] DRC finished with 0 Errors
INFO: [Project 1-462] Please refer to the DRC report (report_drc) for more information.

Time (s): cpu = 00:00:02 ; elapsed = 00:00:05 . Memory (MB): peak = 1997.473 ; gain = 64.031 ; free physical = 108806 ; free virtual = 156026

Starting Cache Timing Information Task
INFO: [Timing 38-35] Done setting XDC timing constraints.
Ending Cache Timing Information Task | Checksum: 12c261a9c

Time (s): cpu = 00:00:10 ; elapsed = 00:01:06 . Memory (MB): peak = 2308.637 ; gain = 311.164 ; free physical = 108481 ; free virtual = 155700

Starting Logic Optimization Task

Phase 1 Retarget
INFO: [Opt 31-138] Pushed 0 inverter(s) to 0 load pin(s).
INFO: [Opt 31-49] Retargeted 0 cell(s).
Phase 1 Retarget | Checksum: 12c261a9c

Time (s): cpu = 00:00:00.02 ; elapsed = 00:00:00.04 . Memory (MB): peak = 2308.637 ; gain = 0.000 ; free physical = 108497 ; free virtual = 155716
INFO: [Opt 31-389] Phase Retarget created 0 cells and removed 0 cells

Phase 2 Constant propagation
INFO: [Opt 31-138] Pushed 0 inverter(s) to 0 load pin(s).
Phase 2 Constant propagation | Checksum: 12c261a9c

Time (s): cpu = 00:00:00.02 ; elapsed = 00:00:00.04 . Memory (MB): peak = 2308.637 ; gain = 0.000 ; free physical = 108497 ; free virtual = 155716
INFO: [Opt 31-389] Phase Constant propagation created 0 cells and removed 0 cells

Phase 3 Sweep
Phase 3 Sweep | Checksum: 12c261a9c

Time (s): cpu = 00:00:00.03 ; elapsed = 00:00:00.04 . Memory (MB): peak = 2308.637 ; gain = 0.000 ; free physical = 108497 ; free virtual = 155716
INFO: [Opt 31-389] Phase Sweep created 0 cells and removed 0 cells

Phase 4 BUFG optimization
Phase 4 BUFG optimization | Checksum: 12c261a9c

Time (s): cpu = 00:00:00.03 ; elapsed = 00:00:00.05 . Memory (MB): peak = 2308.637 ; gain = 0.000 ; free physical = 108497 ; free virtual = 155716
INFO: [Opt 31-662] Phase BUFG optimization created 0 cells of which 0 are BUFGs and removed 0 cells.

Phase 5 Shift Register Optimization
Phase 5 Shift Register Optimization | Checksum: 12c261a9c

Time (s): cpu = 00:00:00.03 ; elapsed = 00:00:00.05 . Memory (MB): peak = 2308.637 ; gain = 0.000 ; free physical = 108497 ; free virtual = 155716
INFO: [Opt 31-389] Phase Shift Register Optimization created 0 cells and removed 0 cells

Phase 6 Post Processing Netlist
Phase 6 Post Processing Netlist | Checksum: 12c261a9c

Time (s): cpu = 00:00:00.03 ; elapsed = 00:00:00.05 . Memory (MB): peak = 2308.637 ; gain = 0.000 ; free physical = 108497 ; free virtual = 155716
INFO: [Opt 31-389] Phase Post Processing Netlist created 0 cells and removed 0 cells

Starting Connectivity Check Task

Time (s): cpu = 00:00:00 ; elapsed = 00:00:00 . Memory (MB): peak = 2308.637 ; gain = 0.000 ; free physical = 108497 ; free virtual = 155716
Ending Logic Optimization Task | Checksum: 12c261a9c

Time (s): cpu = 00:00:00.03 ; elapsed = 00:00:00.06 . Memory (MB): peak = 2308.637 ; gain = 0.000 ; free physical = 108497 ; free virtual = 155716

Starting Power Optimization Task
INFO: [Pwropt 34-132] Skipping clock gating for clocks with a period < 2.00 ns.
Ending Power Optimization Task | Checksum: 12c261a9c

Time (s): cpu = 00:00:00.02 ; elapsed = 00:00:00.06 . Memory (MB): peak = 2308.637 ; gain = 0.000 ; free physical = 108497 ; free virtual = 155716

Starting Final Cleanup Task
Ending Final Cleanup Task | Checksum: 12c261a9c

Time (s): cpu = 00:00:00 ; elapsed = 00:00:00 . Memory (MB): peak = 2308.637 ; gain = 0.000 ; free physical = 108497 ; free virtual = 155716
INFO: [Common 17-83] Releasing license: Implementation
16 Infos, 0 Warnings, 0 Critical Warnings and 0 Errors encountered.
opt_design completed successfully
opt_design: Time (s): cpu = 00:00:12 ; elapsed = 00:01:11 . Memory (MB): peak = 2308.637 ; gain = 375.195 ; free physical = 108497 ; free virtual = 155716
# place_design
Command: place_design
Attempting to get a license for feature 'Implementation' and/or device 'xc7a100t'
INFO: [Common 17-349] Got license for feature 'Implementation' and/or device 'xc7a100t'
INFO: [DRC 23-27] Running DRC with 8 threads
INFO: [Vivado_Tcl 4-198] DRC finished with 0 Errors
INFO: [Vivado_Tcl 4-199] Please refer to the DRC report (report_drc) for more information.
Running DRC as a precondition to command place_design
INFO: [DRC 23-27] Running DRC with 8 threads
INFO: [Vivado_Tcl 4-198] DRC finished with 0 Errors
INFO: [Vivado_Tcl 4-199] Please refer to the DRC report (report_drc) for more information.

Starting Placer Task
INFO: [Place 30-611] Multithreading enabled for place_design using a maximum of 8 CPUs

Phase 1 Placer Initialization

Phase 1.1 Placer Initialization Netlist Sorting
Netlist sorting complete. Time (s): cpu = 00:00:00 ; elapsed = 00:00:00 . Memory (MB): peak = 2372.668 ; gain = 0.000 ; free physical = 108485 ; free virtual = 155704
Phase 1.1 Placer Initialization Netlist Sorting | Checksum: e5990835

Time (s): cpu = 00:00:00.01 ; elapsed = 00:00:00.03 . Memory (MB): peak = 2372.668 ; gain = 0.000 ; free physical = 108485 ; free virtual = 155704
Netlist sorting complete. Time (s): cpu = 00:00:00 ; elapsed = 00:00:00 . Memory (MB): peak = 2372.668 ; gain = 0.000 ; free physical = 108485 ; free virtual = 155704

Phase 1.2 IO Placement/ Clock Placement/ Build Placer Device
INFO: [Timing 38-35] Done setting XDC timing constraints.
Phase 1.2 IO Placement/ Clock Placement/ Build Placer Device | Checksum: f041d5c4

Time (s): cpu = 00:00:02 ; elapsed = 00:00:00.92 . Memory (MB): peak = 2372.668 ; gain = 0.000 ; free physical = 108482 ; free virtual = 155703

Phase 1.3 Build Placer Netlist Model
Phase 1.3 Build Placer Netlist Model | Checksum: 1d30cbef9

Time (s): cpu = 00:00:02 ; elapsed = 00:00:00.96 . Memory (MB): peak = 2372.668 ; gain = 0.000 ; free physical = 108482 ; free virtual = 155703

Phase 1.4 Constrain Clocks/Macros
Phase 1.4 Constrain Clocks/Macros | Checksum: 1d30cbef9

Time (s): cpu = 00:00:02 ; elapsed = 00:00:00.97 . Memory (MB): peak = 2372.668 ; gain = 0.000 ; free physical = 108482 ; free virtual = 155703
Phase 1 Placer Initialization | Checksum: 1d30cbef9

Time (s): cpu = 00:00:02 ; elapsed = 00:00:00.97 . Memory (MB): peak = 2372.668 ; gain = 0.000 ; free physical = 108482 ; free virtual = 155703

Phase 2 Global Placement

Phase 2.1 Floorplanning
Phase 2.1 Floorplanning | Checksum: 1d30cbef9

Time (s): cpu = 00:00:02 ; elapsed = 00:00:01 . Memory (MB): peak = 2372.668 ; gain = 0.000 ; free physical = 108480 ; free virtual = 155701
WARNING: [Place 46-29] place_design is not in timing mode. Skip physical synthesis in placer
Phase 2 Global Placement | Checksum: 1226c7d1b

Time (s): cpu = 00:00:14 ; elapsed = 00:00:05 . Memory (MB): peak = 2468.711 ; gain = 96.043 ; free physical = 108443 ; free virtual = 155665

Phase 3 Detail Placement

Phase 3.1 Commit Multi Column Macros
Phase 3.1 Commit Multi Column Macros | Checksum: 1226c7d1b

Time (s): cpu = 00:00:14 ; elapsed = 00:00:05 . Memory (MB): peak = 2468.711 ; gain = 96.043 ; free physical = 108443 ; free virtual = 155665

Phase 3.2 Commit Most Macros & LUTRAMs
Phase 3.2 Commit Most Macros & LUTRAMs | Checksum: 186ab63c3

Time (s): cpu = 00:00:14 ; elapsed = 00:00:05 . Memory (MB): peak = 2468.711 ; gain = 96.043 ; free physical = 108443 ; free virtual = 155664

Phase 3.3 Area Swap Optimization
Phase 3.3 Area Swap Optimization | Checksum: 1cf71214d

Time (s): cpu = 00:00:14 ; elapsed = 00:00:05 . Memory (MB): peak = 2468.711 ; gain = 96.043 ; free physical = 108443 ; free virtual = 155664

Phase 3.4 Pipeline Register Optimization
Phase 3.4 Pipeline Register Optimization | Checksum: 1cf71214d

Time (s): cpu = 00:00:14 ; elapsed = 00:00:05 . Memory (MB): peak = 2468.711 ; gain = 96.043 ; free physical = 108443 ; free virtual = 155664

Phase 3.5 Small Shape Detail Placement
Phase 3.5 Small Shape Detail Placement | Checksum: 16d797783

Time (s): cpu = 00:00:14 ; elapsed = 00:00:05 . Memory (MB): peak = 2468.711 ; gain = 96.043 ; free physical = 108442 ; free virtual = 155663

Phase 3.6 Re-assign LUT pins
Phase 3.6 Re-assign LUT pins | Checksum: 16d797783

Time (s): cpu = 00:00:14 ; elapsed = 00:00:05 . Memory (MB): peak = 2468.711 ; gain = 96.043 ; free physical = 108442 ; free virtual = 155663

Phase 3.7 Pipeline Register Optimization
Phase 3.7 Pipeline Register Optimization | Checksum: 16d797783

Time (s): cpu = 00:00:14 ; elapsed = 00:00:05 . Memory (MB): peak = 2468.711 ; gain = 96.043 ; free physical = 108442 ; free virtual = 155663
Phase 3 Detail Placement | Checksum: 16d797783

Time (s): cpu = 00:00:14 ; elapsed = 00:00:05 . Memory (MB): peak = 2468.711 ; gain = 96.043 ; free physical = 108442 ; free virtual = 155663

Phase 4 Post Placement Optimization and Clean-Up

Phase 4.1 Post Commit Optimization
Phase 4.1 Post Commit Optimization | Checksum: 16d797783

Time (s): cpu = 00:00:15 ; elapsed = 00:00:05 . Memory (MB): peak = 2468.711 ; gain = 96.043 ; free physical = 108442 ; free virtual = 155663

Phase 4.2 Post Placement Cleanup
Phase 4.2 Post Placement Cleanup | Checksum: 16d797783

Time (s): cpu = 00:00:15 ; elapsed = 00:00:05 . Memory (MB): peak = 2468.711 ; gain = 96.043 ; free physical = 108443 ; free virtual = 155664

Phase 4.3 Placer Reporting
Phase 4.3 Placer Reporting | Checksum: 16d797783

Time (s): cpu = 00:00:15 ; elapsed = 00:00:05 . Memory (MB): peak = 2468.711 ; gain = 96.043 ; free physical = 108443 ; free virtual = 155664

Phase 4.4 Final Placement Cleanup
Phase 4.4 Final Placement Cleanup | Checksum: 16d797783

Time (s): cpu = 00:00:15 ; elapsed = 00:00:05 . Memory (MB): peak = 2468.711 ; gain = 96.043 ; free physical = 108443 ; free virtual = 155664
Phase 4 Post Placement Optimization and Clean-Up | Checksum: 16d797783

Time (s): cpu = 00:00:15 ; elapsed = 00:00:05 . Memory (MB): peak = 2468.711 ; gain = 96.043 ; free physical = 108443 ; free virtual = 155664
Ending Placer Task | Checksum: a2ef0bfa

Time (s): cpu = 00:00:15 ; elapsed = 00:00:05 . Memory (MB): peak = 2468.711 ; gain = 96.043 ; free physical = 108461 ; free virtual = 155682
INFO: [Common 17-83] Releasing license: Implementation
10 Infos, 1 Warnings, 0 Critical Warnings and 0 Errors encountered.
place_design completed successfully
place_design: Time (s): cpu = 00:00:17 ; elapsed = 00:00:10 . Memory (MB): peak = 2468.711 ; gain = 160.074 ; free physical = 108461 ; free virtual = 155682
# route_design
Command: route_design
Attempting to get a license for feature 'Implementation' and/or device 'xc7a100t'
INFO: [Common 17-349] Got license for feature 'Implementation' and/or device 'xc7a100t'
Running DRC as a precondition to command route_design
INFO: [DRC 23-27] Running DRC with 8 threads
INFO: [Vivado_Tcl 4-198] DRC finished with 0 Errors
INFO: [Vivado_Tcl 4-199] Please refer to the DRC report (report_drc) for more information.


Starting Routing Task
INFO: [Route 35-254] Multithreading enabled for route_design using a maximum of 8 CPUs
Checksum: PlaceDB: 2b954ae5 ConstDB: 0 ShapeSum: 7759c115 RouteDB: 0

Phase 1 Build RT Design
Phase 1 Build RT Design | Checksum: 43e621a4

Time (s): cpu = 00:00:25 ; elapsed = 00:00:22 . Memory (MB): peak = 2468.711 ; gain = 0.000 ; free physical = 108317 ; free virtual = 155538
Post Restoration Checksum: NetGraph: 2d9a82a4 NumContArr: 164b9f00 Constraints: 0 Timing: 0

Phase 2 Router Initialization
INFO: [Route 35-64] No timing constraints were detected. The router will operate in resource-optimization mode.

Phase 2.1 Fix Topology Constraints
Phase 2.1 Fix Topology Constraints | Checksum: 43e621a4

Time (s): cpu = 00:00:25 ; elapsed = 00:00:22 . Memory (MB): peak = 2474.328 ; gain = 5.617 ; free physical = 108285 ; free virtual = 155506

Phase 2.2 Pre Route Cleanup
Phase 2.2 Pre Route Cleanup | Checksum: 43e621a4

Time (s): cpu = 00:00:25 ; elapsed = 00:00:22 . Memory (MB): peak = 2474.328 ; gain = 5.617 ; free physical = 108285 ; free virtual = 155506
 Number of Nodes with overlaps = 0
Phase 2 Router Initialization | Checksum: 11ee2600d

Time (s): cpu = 00:00:26 ; elapsed = 00:00:22 . Memory (MB): peak = 2484.594 ; gain = 15.883 ; free physical = 108277 ; free virtual = 155498

Phase 3 Initial Routing
Phase 3 Initial Routing | Checksum: 12f8faeb2

Time (s): cpu = 00:00:26 ; elapsed = 00:00:22 . Memory (MB): peak = 2484.594 ; gain = 15.883 ; free physical = 108277 ; free virtual = 155498

Phase 4 Rip-up And Reroute

Phase 4.1 Global Iteration 0
 Number of Nodes with overlaps = 5
 Number of Nodes with overlaps = 0
Phase 4.1 Global Iteration 0 | Checksum: 823184da

Time (s): cpu = 00:00:27 ; elapsed = 00:00:22 . Memory (MB): peak = 2484.594 ; gain = 15.883 ; free physical = 108277 ; free virtual = 155498
Phase 4 Rip-up And Reroute | Checksum: 823184da

Time (s): cpu = 00:00:27 ; elapsed = 00:00:22 . Memory (MB): peak = 2484.594 ; gain = 15.883 ; free physical = 108277 ; free virtual = 155498

Phase 5 Delay and Skew Optimization
Phase 5 Delay and Skew Optimization | Checksum: 823184da

Time (s): cpu = 00:00:27 ; elapsed = 00:00:22 . Memory (MB): peak = 2484.594 ; gain = 15.883 ; free physical = 108277 ; free virtual = 155498

Phase 6 Post Hold Fix

Phase 6.1 Hold Fix Iter
Phase 6.1 Hold Fix Iter | Checksum: 823184da

Time (s): cpu = 00:00:27 ; elapsed = 00:00:22 . Memory (MB): peak = 2484.594 ; gain = 15.883 ; free physical = 108277 ; free virtual = 155498
Phase 6 Post Hold Fix | Checksum: 823184da

Time (s): cpu = 00:00:27 ; elapsed = 00:00:22 . Memory (MB): peak = 2484.594 ; gain = 15.883 ; free physical = 108277 ; free virtual = 155498

Phase 7 Route finalize

Router Utilization Summary
  Global Vertical Routing Utilization    = 0.0172781 %
  Global Horizontal Routing Utilization  = 0.0105854 %
  Routable Net Status*
  *Does not include unroutable nets such as driverless and loadless.
  Run report_route_status for detailed report.
  Number of Failed Nets               = 0
  Number of Unrouted Nets             = 0
  Number of Partially Routed Nets     = 0
  Number of Node Overlaps             = 0

Congestion Report
North Dir 1x1 Area, Max Cong = 27.027%, No Congested Regions.
South Dir 1x1 Area, Max Cong = 16.2162%, No Congested Regions.
East Dir 1x1 Area, Max Cong = 13.2353%, No Congested Regions.
West Dir 1x1 Area, Max Cong = 16.1765%, No Congested Regions.

------------------------------
Reporting congestion hotspots
------------------------------
Direction: North
----------------
Congested clusters found at Level 0
Effective congestion level: 0 Aspect Ratio: 1 Sparse Ratio: 0
Direction: South
----------------
Congested clusters found at Level 0
Effective congestion level: 0 Aspect Ratio: 1 Sparse Ratio: 0
Direction: East
----------------
Congested clusters found at Level 0
Effective congestion level: 0 Aspect Ratio: 1 Sparse Ratio: 0
Direction: West
----------------
Congested clusters found at Level 0
Effective congestion level: 0 Aspect Ratio: 1 Sparse Ratio: 0

Phase 7 Route finalize | Checksum: 823184da

Time (s): cpu = 00:00:27 ; elapsed = 00:00:22 . Memory (MB): peak = 2484.594 ; gain = 15.883 ; free physical = 108278 ; free virtual = 155499

Phase 8 Verifying routed nets

 Verification completed successfully
Phase 8 Verifying routed nets | Checksum: 823184da

Time (s): cpu = 00:00:27 ; elapsed = 00:00:22 . Memory (MB): peak = 2484.594 ; gain = 15.883 ; free physical = 108276 ; free virtual = 155497

Phase 9 Depositing Routes
Phase 9 Depositing Routes | Checksum: 81544479

Time (s): cpu = 00:00:27 ; elapsed = 00:00:22 . Memory (MB): peak = 2484.594 ; gain = 15.883 ; free physical = 108276 ; free virtual = 155497
INFO: [Route 35-16] Router Completed Successfully

Time (s): cpu = 00:00:27 ; elapsed = 00:00:22 . Memory (MB): peak = 2484.594 ; gain = 15.883 ; free physical = 108311 ; free virtual = 155532

Routing Is Done.
INFO: [Common 17-83] Releasing license: Implementation
8 Infos, 0 Warnings, 0 Critical Warnings and 0 Errors encountered.
route_design completed successfully
route_design: Time (s): cpu = 00:00:29 ; elapsed = 00:00:28 . Memory (MB): peak = 2484.594 ; gain = 15.883 ; free physical = 108311 ; free virtual = 155532
# report_timing_summary
INFO: [Timing 38-91] UpdateTimingParams: Speed grade: -1, Delay Type: min_max.
INFO: [Timing 38-191] Multithreading enabled for timing update using a maximum of 8 CPUs
Copyright 1986-2018 Xilinx, Inc. All Rights Reserved.
----------------------------------------------------------------------------------------------------
| Tool Version : Vivado v.2018.2 (lin64) Build 2258646 Thu Jun 14 20:02:38 MDT 2018
| Date         : Wed Apr  6 15:00:28 2022
| Host         : awareness.encs.concordia.ca running 64-bit Scientific Linux release 7.9 (Nitrogen)
| Command      : report_timing_summary
| Design       : registers_min_max
| Device       : 7a100t-csg324
| Speed File   : -1  PRODUCTION 1.22 2018-03-21
----------------------------------------------------------------------------------------------------

Timing Summary Report

------------------------------------------------------------------------------------------------
| Timer Settings
| --------------
------------------------------------------------------------------------------------------------

  Enable Multi Corner Analysis               :  Yes
  Enable Pessimism Removal                   :  Yes
  Pessimism Removal Resolution               :  Nearest Common Node
  Enable Input Delay Default Clock           :  No
  Enable Preset / Clear Arcs                 :  No
  Disable Flight Delays                      :  No
  Ignore I/O Paths                           :  No
  Timing Early Launch at Borrowing Latches   :  false

  Corner  Analyze    Analyze    
  Name    Max Paths  Min Paths  
  ------  ---------  ---------  
  Slow    Yes        Yes        
  Fast    Yes        Yes        



check_timing report

Table of Contents
-----------------
1. checking no_clock
2. checking constant_clock
3. checking pulse_width_clock
4. checking unconstrained_internal_endpoints
5. checking no_input_delay
6. checking no_output_delay
7. checking multiple_clock
8. checking generated_clocks
9. checking loops
10. checking partial_input_delay
11. checking partial_output_delay
12. checking latch_loops

1. checking no_clock
--------------------
 There are 16 register/latch pins with no clock driven by root clock pin: clk (HIGH)

 There are 4 register/latch pins with no clock driven by root clock pin: current_max_reg[3]/Q (HIGH)

 There are 4 register/latch pins with no clock driven by root clock pin: current_min_reg[3]/Q (HIGH)

 There are 8 register/latch pins with no clock driven by root clock pin: reg_reg[3][3]/Q (HIGH)


2. checking constant_clock
--------------------------
 There are 0 register/latch pins with constant_clock.


3. checking pulse_width_clock
-----------------------------
 There are 0 register/latch pins which need pulse_width check


4. checking unconstrained_internal_endpoints
--------------------------------------------
 There are 48 pins that are not constrained for maximum delay. (HIGH)

 There are 0 pins that are not constrained for maximum delay due to constant clock.


5. checking no_input_delay
--------------------------
 There are 5 input ports with no input delay specified. (HIGH)

 There are 0 input ports with no input delay but user has a false path constraint.


6. checking no_output_delay
---------------------------
 There are 12 ports with no output delay specified. (HIGH)

 There are 0 ports with no output delay but user has a false path constraint

 There are 0 ports with no output delay but with a timing clock defined on it or propagating through it


7. checking multiple_clock
--------------------------
 There are 0 register/latch pins with multiple clocks.


8. checking generated_clocks
----------------------------
 There are 0 generated clocks that are not connected to a clock source.


9. checking loops
-----------------
 There are 0 combinational loops in the design.


10. checking partial_input_delay
--------------------------------
 There are 0 input ports with partial input delay specified.


11. checking partial_output_delay
---------------------------------
 There are 0 ports with partial output delay specified.


12. checking latch_loops
------------------------
 There are 2 combinational latch loops in the design through latch input (HIGH)



------------------------------------------------------------------------------------------------
| Design Timing Summary
| ---------------------
------------------------------------------------------------------------------------------------

    WNS(ns)      TNS(ns)  TNS Failing Endpoints  TNS Total Endpoints      WHS(ns)      THS(ns)  THS Failing Endpoints  THS Total Endpoints     WPWS(ns)     TPWS(ns)  TPWS Failing Endpoints  TPWS Total Endpoints  
    -------      -------  ---------------------  -------------------      -------      -------  ---------------------  -------------------     --------     --------  ----------------------  --------------------  
         NA           NA                     NA                   NA           NA           NA                     NA                   NA           NA           NA                      NA                    NA  


There are no user specified timing constraints.


------------------------------------------------------------------------------------------------
| Clock Summary
| -------------
------------------------------------------------------------------------------------------------


------------------------------------------------------------------------------------------------
| Intra Clock Table
| -----------------
------------------------------------------------------------------------------------------------

Clock             WNS(ns)      TNS(ns)  TNS Failing Endpoints  TNS Total Endpoints      WHS(ns)      THS(ns)  THS Failing Endpoints  THS Total Endpoints     WPWS(ns)     TPWS(ns)  TPWS Failing Endpoints  TPWS Total Endpoints  
-----             -------      -------  ---------------------  -------------------      -------      -------  ---------------------  -------------------     --------     --------  ----------------------  --------------------  


------------------------------------------------------------------------------------------------
| Inter Clock Table
| -----------------
------------------------------------------------------------------------------------------------

From Clock    To Clock          WNS(ns)      TNS(ns)  TNS Failing Endpoints  TNS Total Endpoints      WHS(ns)      THS(ns)  THS Failing Endpoints  THS Total Endpoints  
----------    --------          -------      -------  ---------------------  -------------------      -------      -------  ---------------------  -------------------  


------------------------------------------------------------------------------------------------
| Other Path Groups Table
| -----------------------
------------------------------------------------------------------------------------------------

Path Group    From Clock    To Clock          WNS(ns)      TNS(ns)  TNS Failing Endpoints  TNS Total Endpoints      WHS(ns)      THS(ns)  THS Failing Endpoints  THS Total Endpoints  
----------    ----------    --------          -------      -------  ---------------------  -------------------      -------      -------  ---------------------  -------------------  


------------------------------------------------------------------------------------------------
| Timing Details
| --------------
------------------------------------------------------------------------------------------------


# write_bitstream -force lab4.bit
Command: write_bitstream -force lab4.bit
Attempting to get a license for feature 'Implementation' and/or device 'xc7a100t'
INFO: [Common 17-349] Got license for feature 'Implementation' and/or device 'xc7a100t'
Running DRC as a precondition to command write_bitstream
INFO: [IP_Flow 19-234] Refreshing IP repositories
INFO: [IP_Flow 19-1704] No user IP repositories specified
INFO: [IP_Flow 19-2313] Loaded Vivado IP repository '/CMC/tools/xilinx/Vivado_2018.2/Vivado/2018.2/data/ip'.
INFO: [DRC 23-27] Running DRC with 8 threads
WARNING: [DRC CFGBVS-1] Missing CFGBVS and CONFIG_VOLTAGE Design Properties: Neither the CFGBVS nor CONFIG_VOLTAGE voltage property is set in the current_design.  Configuration bank voltage select (CFGBVS) must be set to VCCO or GND, and CONFIG_VOLTAGE must be set to the correct configuration voltage, in order to determine the I/O voltage support for the pins in bank 0.  It is suggested to specify these either using the 'Edit Device Properties' function in the GUI or directly in the XDC file using the following syntax:

 set_property CFGBVS value1 [current_design]
 #where value1 is either VCCO or GND

 set_property CONFIG_VOLTAGE value2 [current_design]
 #where value2 is the voltage provided to configuration bank 0

Refer to the device configuration user guide for more information.
WARNING: [DRC PDRC-153] Gated clock check: Net current_max_reg[3]_i_2_n_0 is a gated clock net sourced by a combinational pin current_max_reg[3]_i_2/O, cell current_max_reg[3]_i_2. This is not good design practice and will likely impact performance. For SLICE registers, for example, use the CE pin to control the loading of data.
WARNING: [DRC PDRC-153] Gated clock check: Net current_min_reg[3]_i_2_n_0 is a gated clock net sourced by a combinational pin current_min_reg[3]_i_2/O, cell current_min_reg[3]_i_2. This is not good design practice and will likely impact performance. For SLICE registers, for example, use the CE pin to control the loading of data.
WARNING: [DRC PDRC-153] Gated clock check: Net load_max is a gated clock net sourced by a combinational pin max_reg_reg[3]_i_1/O, cell max_reg_reg[3]_i_1. This is not good design practice and will likely impact performance. For SLICE registers, for example, use the CE pin to control the loading of data.
WARNING: [DRC PDRC-153] Gated clock check: Net load_min is a gated clock net sourced by a combinational pin min_reg_reg[3]_i_1/O, cell min_reg_reg[3]_i_1. This is not good design practice and will likely impact performance. For SLICE registers, for example, use the CE pin to control the loading of data.
INFO: [Vivado 12-3199] DRC finished with 0 Errors, 5 Warnings
INFO: [Vivado 12-3200] Please refer to the DRC report (report_drc) for more information.
INFO: [Designutils 20-2272] Running write_bitstream with 8 threads.
Loading data files...
Loading site data...
Loading route data...
Processing options...
Creating bitmap...
Creating bitstream...
Writing bitstream ./lab4.bit...
INFO: [Vivado 12-1842] Bitgen Completed Successfully.
INFO: [Common 17-83] Releasing license: Implementation
10 Infos, 5 Warnings, 0 Critical Warnings and 0 Errors encountered.
write_bitstream completed successfully
write_bitstream: Time (s): cpu = 00:00:14 ; elapsed = 00:00:21 . Memory (MB): peak = 2836.414 ; gain = 351.820 ; free physical = 108274 ; free virtual = 155498
INFO: [Common 17-206] Exiting Vivado at Wed Apr  6 15:00:50 2022...
